<?xml version="1.0" encoding="UTF-8"?>
<testng-results ignored="0" total="1" passed="1" failed="0" skipped="0">
  <reporter-output>
  </reporter-output>
  <suite started-at="2021-12-15T18:27:05 GMT" name="Surefire suite" finished-at="2021-12-15T18:27:05 GMT" duration-ms="94">
    <groups>
    </groups>
    <test started-at="2021-12-15T18:27:05 GMT" name="Surefire test" finished-at="2021-12-15T18:27:05 GMT" duration-ms="94">
      <class name="offBeatDonuts.AppTest">
        <test-method signature="shouldAnswerWithTrue()" started-at="2021-12-15T18:27:05 GMT" name="shouldAnswerWithTrue" finished-at="2021-12-15T18:27:05 GMT" duration-ms="16" status="PASS">
          <reporter-output>
          </reporter-output>
        </test-method> <!-- shouldAnswerWithTrue -->
      </class> <!-- offBeatDonuts.AppTest -->
    </test> <!-- Surefire test -->
  </suite> <!-- Surefire suite -->
</testng-results>
